<?xml version="1.0" encoding="UTF-8"?>
<!-- Generated by org.testng.reporters.JUnitXMLReporter -->
<testsuite ignored="11" hostname="DESKTOP-12J2N0N" failures="1" tests="3" name="Test" time="39.215" errors="0" timestamp="2022-12-28T10:26:05 IST">
  <testcase classname="test.auto.ficxqa.HomepageTest" name="login" time="6.522"/>
  <testcase classname="test.auto.ficxqa.HomepageTest" name="jrnyFilters" time="18.6"/>
  <testcase classname="test.auto.ficxqa.HomepageTest" name="deleteJourney" time="14.062">
    <failure type="org.openqa.selenium.NoSuchElementException" message="no such element: Unable to locate element: {&amp;quot;method&amp;quot;:&amp;quot;css selector&amp;quot;,&amp;quot;selector&amp;quot;:&amp;quot;.ps &amp;gt; div:nth-of-type(1) .hint--bottom.hint--bubble.hint--error.tag &amp;gt; img&amp;quot;}
  (Session info: chrome=108.0.5359.125)
For documentation on this error, please visit: https://selenium.dev/exceptions/#no_such_element
Build info: version: &amp;apos;4.7.1&amp;apos;, revision: &amp;apos;c6795baf1a3&amp;apos;
System info: os.name: &amp;apos;Windows 11&amp;apos;, os.arch: &amp;apos;amd64&amp;apos;, os.version: &amp;apos;10.0&amp;apos;, java.version: &amp;apos;17.0.5&amp;apos;
Driver info: org.openqa.selenium.chrome.ChromeDriver
Command: [e264ee497a0ac38bd8c05ca3a3c166be, findElement {using=css selector, value=.ps &amp;gt; div:nth-of-type(1) .hint--bottom.hint--bubble.hint--error.tag &amp;gt; img}]
Capabilities {acceptInsecureCerts: false, browserName: chrome, browserVersion: 108.0.5359.125, chrome: {chromedriverVersion: 107.0.5304.62 (1eec40d3a576..., userDataDir: C:\Users\faran\AppData\Loca...}, goog:chromeOptions: {debuggerAddress: localhost:64418}, networkConnectionEnabled: false, pageLoadStrategy: normal, platformName: WINDOWS, proxy: Proxy(), se:cdp: ws://localhost:64418/devtoo..., se:cdpVersion: 108.0.5359.125, setWindowRect: true, strictFileInteractability: false, timeouts: {implicit: 0, pageLoad: 300000, script: 30000}, unhandledPromptBehavior: dismiss and notify, webauthn:extension:credBlob: true, webauthn:extension:largeBlob: true, webauthn:virtualAuthenticators: true}
Session ID: e264ee497a0ac38bd8c05ca3a3c166be">
      <![CDATA[org.openqa.selenium.NoSuchElementException: no such element: Unable to locate element: {"method":"css selector","selector":".ps > div:nth-of-type(1) .hint--bottom.hint--bubble.hint--error.tag > img"}
  (Session info: chrome=108.0.5359.125)
For documentation on this error, please visit: https://selenium.dev/exceptions/#no_such_element
Build info: version: '4.7.1', revision: 'c6795baf1a3'
System info: os.name: 'Windows 11', os.arch: 'amd64', os.version: '10.0', java.version: '17.0.5'
Driver info: org.openqa.selenium.chrome.ChromeDriver
Command: [e264ee497a0ac38bd8c05ca3a3c166be, findElement {using=css selector, value=.ps > div:nth-of-type(1) .hint--bottom.hint--bubble.hint--error.tag > img}]
Capabilities {acceptInsecureCerts: false, browserName: chrome, browserVersion: 108.0.5359.125, chrome: {chromedriverVersion: 107.0.5304.62 (1eec40d3a576..., userDataDir: C:\Users\faran\AppData\Loca...}, goog:chromeOptions: {debuggerAddress: localhost:64418}, networkConnectionEnabled: false, pageLoadStrategy: normal, platformName: WINDOWS, proxy: Proxy(), se:cdp: ws://localhost:64418/devtoo..., se:cdpVersion: 108.0.5359.125, setWindowRect: true, strictFileInteractability: false, timeouts: {implicit: 0, pageLoad: 300000, script: 30000}, unhandledPromptBehavior: dismiss and notify, webauthn:extension:credBlob: true, webauthn:extension:largeBlob: true, webauthn:virtualAuthenticators: true}
Session ID: e264ee497a0ac38bd8c05ca3a3c166be
at org.openqa.selenium.remote.codec.w3c.W3CHttpResponseCodec.createException(W3CHttpResponseCodec.java:200)
at org.openqa.selenium.remote.codec.w3c.W3CHttpResponseCodec.decode(W3CHttpResponseCodec.java:133)
at org.openqa.selenium.remote.codec.w3c.W3CHttpResponseCodec.decode(W3CHttpResponseCodec.java:53)
at org.openqa.selenium.remote.HttpCommandExecutor.execute(HttpCommandExecutor.java:184)
at org.openqa.selenium.remote.service.DriverCommandExecutor.invokeExecute(DriverCommandExecutor.java:167)
at org.openqa.selenium.remote.service.DriverCommandExecutor.execute(DriverCommandExecutor.java:142)
at org.openqa.selenium.remote.RemoteWebDriver.execute(RemoteWebDriver.java:551)
at org.openqa.selenium.remote.ElementLocation$ElementFinder$2.findElement(ElementLocation.java:162)
at org.openqa.selenium.remote.ElementLocation.findElement(ElementLocation.java:60)
at org.openqa.selenium.remote.RemoteWebDriver.findElement(RemoteWebDriver.java:367)
at org.openqa.selenium.remote.RemoteWebDriver.findElement(RemoteWebDriver.java:359)
at pageObjects.HomepageObjects.getdeleteJrnyLstVw(HomepageObjects.java:47)
at test.auto.ficxqa.HomepageTest.deleteJourney(HomepageTest.java:198)
at java.base/java.util.ArrayList.forEach(ArrayList.java:1511)
... Removed 32 stack frames]]>
    </failure>
  </testcase> <!-- deleteJourney -->
  <testcase classname="test.auto.ficxqa.HomepageTest" name="templateFaC" time="0.0">
    <ignored/>
  </testcase> <!-- templateFaC -->
  <testcase classname="test.auto.ficxqa.HomepageTest" name="renameJrnyAM" time="0.0">
    <ignored/>
  </testcase> <!-- renameJrnyAM -->
  <testcase classname="test.auto.ficxqa.HomepageTest" name="logout" time="0.0">
    <ignored/>
  </testcase> <!-- logout -->
  <testcase classname="test.auto.ficxqa.HomepageTest" name="renameJrnyFaC" time="0.0">
    <ignored/>
  </testcase> <!-- renameJrnyFaC -->
  <testcase classname="test.auto.ficxqa.HomepageTest" name="newIntegration" time="0.0">
    <ignored/>
  </testcase> <!-- newIntegration -->
  <testcase classname="test.auto.ficxqa.HomepageTest" name="topNavHelp" time="0.0">
    <ignored/>
  </testcase> <!-- topNavHelp -->
  <testcase classname="test.auto.ficxqa.HomepageTest" name="templateAM" time="0.0">
    <ignored/>
  </testcase> <!-- templateAM -->
  <testcase classname="test.auto.ficxqa.HomepageTest" name="renameJrnyMaP" time="0.0">
    <ignored/>
  </testcase> <!-- renameJrnyMaP -->
  <testcase classname="test.auto.ficxqa.HomepageTest" name="templateMaP" time="0.0">
    <ignored/>
  </testcase> <!-- templateMaP -->
  <testcase classname="test.auto.ficxqa.HomepageTest" name="newProject" time="0.0">
    <ignored/>
  </testcase> <!-- newProject -->
  <testcase classname="test.auto.ficxqa.HomepageTest" name="avatar" time="0.0">
    <ignored/>
  </testcase> <!-- avatar -->
</testsuite> <!-- Test -->
