<?xml version="1.0" encoding="UTF-8"?>
<!-- Generated by org.testng.reporters.JUnitXMLReporter -->
<testsuite ignored="2" hostname="DESKTOP-12J2N0N" failures="1" tests="1" name="Test1" time="29.866" errors="0" timestamp="2023-03-15T14:24:44 IST">
  <testcase classname="test.auto.ficxqa.SumActionsTest" name="previewSum" time="29.37">
    <failure type="org.openqa.selenium.NoSuchElementException" message="Unable to find element with locator By.cssSelector: .blue.ml-0.mt-0.theme--light.v-btn.v-btn--round.white--text &amp;gt; .v-btn__content
For documentation on this error, please visit: https://selenium.dev/exceptions/#no_such_element
Build info: version: &amp;apos;4.8.1&amp;apos;, revision: &amp;apos;8ebccac989&amp;apos;
System info: os.name: &amp;apos;Windows 11&amp;apos;, os.arch: &amp;apos;amd64&amp;apos;, os.version: &amp;apos;10.0&amp;apos;, java.version: &amp;apos;17.0.2&amp;apos;
Driver info: driver.version: RemoteWebDriver">
      <![CDATA[org.openqa.selenium.NoSuchElementException: Unable to find element with locator By.cssSelector: .blue.ml-0.mt-0.theme--light.v-btn.v-btn--round.white--text > .v-btn__content
For documentation on this error, please visit: https://selenium.dev/exceptions/#no_such_element
Build info: version: '4.8.1', revision: '8ebccac989'
System info: os.name: 'Windows 11', os.arch: 'amd64', os.version: '10.0', java.version: '17.0.2'
Driver info: driver.version: RemoteWebDriver
at org.openqa.selenium.remote.ElementLocation$ElementFinder$2.findElement(ElementLocation.java:165)
at org.openqa.selenium.remote.ElementLocation.findElement(ElementLocation.java:60)
at org.openqa.selenium.remote.RemoteWebDriver.findElement(RemoteWebDriver.java:352)
at org.openqa.selenium.remote.RemoteWebDriver.findElement(RemoteWebDriver.java:344)
at pageObjects.FormEditorObjects.getOpenBtn(FormEditorObjects.java:539)
at pageObjects.FormEditorObjects.openSavedForm(FormEditorObjects.java:74)
at test.auto.ficxqa.SumActionsTest.previewSum(SumActionsTest.java:47)
at java.base/java.util.ArrayList.forEach(ArrayList.java:1511)
at java.base/java.util.concurrent.FutureTask.run(FutureTask.java:264)
at java.base/java.util.concurrent.ThreadPoolExecutor.runWorker(ThreadPoolExecutor.java:1136)
at java.base/java.util.concurrent.ThreadPoolExecutor$Worker.run(ThreadPoolExecutor.java:635)
at java.base/java.lang.Thread.run(Thread.java:833)
... Removed 17 stack frames]]>
    </failure>
  </testcase> <!-- previewSum -->
  <testcase classname="test.auto.ficxqa.SumActionsTest" name="sumInputs" time="0.0">
    <ignored/>
  </testcase> <!-- sumInputs -->
  <testcase classname="test.auto.ficxqa.SumActionsTest" name="previewDropdown" time="0.0">
    <ignored/>
  </testcase> <!-- previewDropdown -->
</testsuite> <!-- Test1 -->
